Sun Mar 05 17:10:47 MSK 2023: Hello
Sun Mar 05 17:11:01 MSK 2023: Hello
Sun Mar 05 17:13:06 MSK 2023: Hello, Olly
Fri Mar 10 20:27:48 MSK 2023: Число x: 3.0
Fri Mar 10 20:27:50 MSK 2023: Число x: 7.0
Sun Mar 12 11:06:39 MSK 2023: Число x: 3.2
Sun Mar 12 11:06:47 MSK 2023: Мнимая часть х: 2.5
Sun Mar 12 11:06:52 MSK 2023: Число x: 5.6
Sun Mar 12 11:06:58 MSK 2023: Мнимая часть х: -3.3
Sun Mar 12 11:07:01 MSK 2023: Сумма комплексных чисел: 5.6 -3.3
Sun Mar 12 11:07:01 MSK 2023: Комплексное число 2.3 , 0.0i создано
Sun Mar 12 11:08:44 MSK 2023: Число x: 5.0
Sun Mar 12 11:08:46 MSK 2023: Число x: 3.0
Sun Mar 12 11:08:48 MSK 2023: Сумма чисел: 3.0
Sun Mar 12 11:12:55 MSK 2023: Число x: 4.0
Sun Mar 12 11:12:56 MSK 2023: Число x: 3.0
Sun Mar 12 11:12:58 MSK 2023: Сумма чисел: 3.0
Sun Mar 12 11:14:12 MSK 2023: Число x: 4.0
Sun Mar 12 11:14:14 MSK 2023: Число x: 3.0
Sun Mar 12 11:14:16 MSK 2023: Сумма чисел: 3.0
Sun Mar 12 11:14:35 MSK 2023: Число x: 7.0
Sun Mar 12 11:14:39 MSK 2023: Число x: 7.0
Sun Mar 12 11:14:42 MSK 2023: Сумма чисел: 7.0
Sun Mar 12 11:18:27 MSK 2023: Число x: 3.0
Sun Mar 12 11:18:29 MSK 2023: Число x: 8.0
Sun Mar 12 11:18:31 MSK 2023: Сумма чисел: 8.0
Sun Mar 12 11:19:30 MSK 2023: Число x: 3.0
Sun Mar 12 11:19:31 MSK 2023: Число y: 8.0
Sun Mar 12 11:19:33 MSK 2023: Сумма чисел: 11.0
